<?xml version="1.0" encoding="UTF-8"?>
<testsuite name="BoardPageTest" tests="1" skipped="0" failures="1" errors="0" timestamp="2020-03-02T14:50:56" hostname="winsrv-2019-ol" time="179.336">
  <properties/>
  <testcase name="createBoard_CreateANewBoard_BoardCreated" classname="BoardPageTest" time="179.336">
    <failure message="org.openqa.selenium.NoSuchElementException: no such element: Unable to locate element: {&quot;method&quot;:&quot;css selector&quot;,&quot;selector&quot;:&quot;._2jR0BZMM5cBReR&quot;}&#10;  (Session info: chrome=80.0.3987.122)&#10;For documentation on this error, please visit: https://www.seleniumhq.org/exceptions/no_such_element.html&#10;Build info: version: '3.141.59', revision: 'e82be7d358', time: '2018-11-14T08:17:03'&#10;System info: host: 'WINSRV-2019-OL', ip: '10.28.135.225', os.name: 'Windows NT (unknown)', os.arch: 'amd64', os.version: '10.0', java.version: '1.8.0_111'&#10;Driver info: org.openqa.selenium.chrome.ChromeDriver&#10;Capabilities {acceptInsecureCerts: false, browserName: chrome, browserVersion: 80.0.3987.122, chrome: {chromedriverVersion: 80.0.3987.16 (320f6526c1632..., userDataDir: C:\Users\Admin\AppData\Loca...}, goog:chromeOptions: {debuggerAddress: localhost:65458}, javascriptEnabled: true, networkConnectionEnabled: false, pageLoadStrategy: eager, platform: WINDOWS, platformName: WINDOWS, proxy: Proxy(), setWindowRect: true, strictFileInteractability: false, timeouts: {implicit: 0, pageLoad: 300000, script: 30000}, unhandledPromptBehavior: dismiss and notify}&#10;Session ID: 70f487b355b00615fa89fb9ffcc2ec24&#10;*** Element info: {Using=class name, value=_2jR0BZMM5cBReR}" type="org.openqa.selenium.NoSuchElementException">org.openqa.selenium.NoSuchElementException: no such element: Unable to locate element: {&quot;method&quot;:&quot;css selector&quot;,&quot;selector&quot;:&quot;._2jR0BZMM5cBReR&quot;}
  (Session info: chrome=80.0.3987.122)
For documentation on this error, please visit: https://www.seleniumhq.org/exceptions/no_such_element.html
Build info: version: '3.141.59', revision: 'e82be7d358', time: '2018-11-14T08:17:03'
System info: host: 'WINSRV-2019-OL', ip: '10.28.135.225', os.name: 'Windows NT (unknown)', os.arch: 'amd64', os.version: '10.0', java.version: '1.8.0_111'
Driver info: org.openqa.selenium.chrome.ChromeDriver
Capabilities {acceptInsecureCerts: false, browserName: chrome, browserVersion: 80.0.3987.122, chrome: {chromedriverVersion: 80.0.3987.16 (320f6526c1632..., userDataDir: C:\Users\Admin\AppData\Loca...}, goog:chromeOptions: {debuggerAddress: localhost:65458}, javascriptEnabled: true, networkConnectionEnabled: false, pageLoadStrategy: eager, platform: WINDOWS, platformName: WINDOWS, proxy: Proxy(), setWindowRect: true, strictFileInteractability: false, timeouts: {implicit: 0, pageLoad: 300000, script: 30000}, unhandledPromptBehavior: dismiss and notify}
Session ID: 70f487b355b00615fa89fb9ffcc2ec24
*** Element info: {Using=class name, value=_2jR0BZMM5cBReR}
	at sun.reflect.NativeConstructorAccessorImpl.newInstance0(Native Method)
	at sun.reflect.NativeConstructorAccessorImpl.newInstance(NativeConstructorAccessorImpl.java:62)
	at sun.reflect.DelegatingConstructorAccessorImpl.newInstance(DelegatingConstructorAccessorImpl.java:45)
	at java.lang.reflect.Constructor.newInstance(Constructor.java:423)
	at org.openqa.selenium.remote.http.W3CHttpResponseCodec.createException(W3CHttpResponseCodec.java:187)
	at org.openqa.selenium.remote.http.W3CHttpResponseCodec.decode(W3CHttpResponseCodec.java:122)
	at org.openqa.selenium.remote.http.W3CHttpResponseCodec.decode(W3CHttpResponseCodec.java:49)
	at org.openqa.selenium.remote.HttpCommandExecutor.execute(HttpCommandExecutor.java:158)
	at org.openqa.selenium.remote.service.DriverCommandExecutor.execute(DriverCommandExecutor.java:83)
	at org.openqa.selenium.remote.RemoteWebDriver.execute(RemoteWebDriver.java:552)
	at org.openqa.selenium.remote.RemoteWebDriver.findElement(RemoteWebDriver.java:323)
	at org.openqa.selenium.remote.RemoteWebDriver.findElementByClassName(RemoteWebDriver.java:412)
	at org.openqa.selenium.By$ByClassName.findElement(By.java:389)
	at org.openqa.selenium.remote.RemoteWebDriver.findElement(RemoteWebDriver.java:315)
	at org.openqa.selenium.support.pagefactory.DefaultElementLocator.findElement(DefaultElementLocator.java:69)
	at org.openqa.selenium.support.pagefactory.internal.LocatingElementHandler.invoke(LocatingElementHandler.java:38)
	at com.sun.proxy.$Proxy11.click(Unknown Source)
	at trello.pages.BoardPage.clickOnPlusButton(BoardPage.java:43)
	at BoardPageTest.createBoard_CreateANewBoard_BoardCreated(BoardPageTest.java:37)
	at sun.reflect.NativeMethodAccessorImpl.invoke0(Native Method)
	at sun.reflect.NativeMethodAccessorImpl.invoke(NativeMethodAccessorImpl.java:62)
	at sun.reflect.DelegatingMethodAccessorImpl.invoke(DelegatingMethodAccessorImpl.java:43)
	at java.lang.reflect.Method.invoke(Method.java:498)
	at org.junit.runners.model.FrameworkMethod$1.runReflectiveCall(FrameworkMethod.java:50)
	at org.junit.internal.runners.model.ReflectiveCallable.run(ReflectiveCallable.java:12)
	at org.junit.runners.model.FrameworkMethod.invokeExplosively(FrameworkMethod.java:47)
	at org.junit.internal.runners.statements.InvokeMethod.evaluate(InvokeMethod.java:17)
	at org.junit.internal.runners.statements.RunBefores.evaluate(RunBefores.java:26)
	at org.junit.runners.ParentRunner.runLeaf(ParentRunner.java:325)
	at org.junit.runners.BlockJUnit4ClassRunner.runChild(BlockJUnit4ClassRunner.java:78)
	at org.junit.runners.BlockJUnit4ClassRunner.runChild(BlockJUnit4ClassRunner.java:57)
	at org.junit.runners.ParentRunner$3.run(ParentRunner.java:290)
	at org.junit.runners.ParentRunner$1.schedule(ParentRunner.java:71)
	at org.junit.runners.ParentRunner.runChildren(ParentRunner.java:288)
	at org.junit.runners.ParentRunner.access$000(ParentRunner.java:58)
	at org.junit.runners.ParentRunner$2.evaluate(ParentRunner.java:268)
	at org.junit.runners.ParentRunner.run(ParentRunner.java:363)
	at org.gradle.api.internal.tasks.testing.junit.JUnitTestClassExecutor.runTestClass(JUnitTestClassExecutor.java:110)
	at org.gradle.api.internal.tasks.testing.junit.JUnitTestClassExecutor.execute(JUnitTestClassExecutor.java:58)
	at org.gradle.api.internal.tasks.testing.junit.JUnitTestClassExecutor.execute(JUnitTestClassExecutor.java:38)
	at org.gradle.api.internal.tasks.testing.junit.AbstractJUnitTestClassProcessor.processTestClass(AbstractJUnitTestClassProcessor.java:62)
	at org.gradle.api.internal.tasks.testing.SuiteTestClassProcessor.processTestClass(SuiteTestClassProcessor.java:51)
	at sun.reflect.NativeMethodAccessorImpl.invoke0(Native Method)
	at sun.reflect.NativeMethodAccessorImpl.invoke(NativeMethodAccessorImpl.java:62)
	at sun.reflect.DelegatingMethodAccessorImpl.invoke(DelegatingMethodAccessorImpl.java:43)
	at java.lang.reflect.Method.invoke(Method.java:498)
	at org.gradle.internal.dispatch.ReflectionDispatch.dispatch(ReflectionDispatch.java:35)
	at org.gradle.internal.dispatch.ReflectionDispatch.dispatch(ReflectionDispatch.java:24)
	at org.gradle.internal.dispatch.ContextClassLoaderDispatch.dispatch(ContextClassLoaderDispatch.java:32)
	at org.gradle.internal.dispatch.ProxyDispatchAdapter$DispatchingInvocationHandler.invoke(ProxyDispatchAdapter.java:93)
	at com.sun.proxy.$Proxy2.processTestClass(Unknown Source)
	at org.gradle.api.internal.tasks.testing.worker.TestWorker.processTestClass(TestWorker.java:118)
	at sun.reflect.NativeMethodAccessorImpl.invoke0(Native Method)
	at sun.reflect.NativeMethodAccessorImpl.invoke(NativeMethodAccessorImpl.java:62)
	at sun.reflect.DelegatingMethodAccessorImpl.invoke(DelegatingMethodAccessorImpl.java:43)
	at java.lang.reflect.Method.invoke(Method.java:498)
	at org.gradle.internal.dispatch.ReflectionDispatch.dispatch(ReflectionDispatch.java:35)
	at org.gradle.internal.dispatch.ReflectionDispatch.dispatch(ReflectionDispatch.java:24)
	at org.gradle.internal.remote.internal.hub.MessageHubBackedObjectConnection$DispatchWrapper.dispatch(MessageHubBackedObjectConnection.java:175)
	at org.gradle.internal.remote.internal.hub.MessageHubBackedObjectConnection$DispatchWrapper.dispatch(MessageHubBackedObjectConnection.java:157)
	at org.gradle.internal.remote.internal.hub.MessageHub$Handler.run(MessageHub.java:404)
	at org.gradle.internal.concurrent.ExecutorPolicy$CatchAndRecordFailures.onExecute(ExecutorPolicy.java:63)
	at org.gradle.internal.concurrent.ManagedExecutorImpl$1.run(ManagedExecutorImpl.java:46)
	at java.util.concurrent.ThreadPoolExecutor.runWorker(ThreadPoolExecutor.java:1142)
	at java.util.concurrent.ThreadPoolExecutor$Worker.run(ThreadPoolExecutor.java:617)
	at org.gradle.internal.concurrent.ThreadFactoryImpl$ManagedThreadRunnable.run(ThreadFactoryImpl.java:55)
	at java.lang.Thread.run(Thread.java:745)
</failure>
  </testcase>
  <system-out><![CDATA[]]></system-out>
  <system-err><![CDATA[SLF4J: Failed to load class "org.slf4j.impl.StaticLoggerBinder".
SLF4J: Defaulting to no-operation (NOP) logger implementation
SLF4J: See http://www.slf4j.org/codes.html#StaticLoggerBinder for further details.
Mar 02, 2020 10:50:56 AM java.util.prefs.WindowsPreferences <init>
WARNING: Could not open/create prefs root node Software\JavaSoft\Prefs at root 0x80000002. Windows RegCreateKeyEx(...) returned error code 5.
Starting ChromeDriver 80.0.3987.16 (320f6526c1632ad4f205ebce69b99a062ed78647-refs/branch-heads/3987@{#185}) on port 26226
Only local connections are allowed.
Please protect ports used by ChromeDriver and related test frameworks to prevent access by malicious code.
Mar 02, 2020 10:51:29 AM org.openqa.selenium.remote.ProtocolHandshake createSession
INFO: Detected dialect: W3C
[1583160695.995][SEVERE]: Timed out receiving message from renderer: 0.100
[1583160696.127][SEVERE]: Timed out receiving message from renderer: 0.100
[1583160696.252][SEVERE]: Timed out receiving message from renderer: 0.100
[1583160696.354][SEVERE]: Timed out receiving message from renderer: 0.100
[1583160696.456][SEVERE]: Timed out receiving message from renderer: 0.100
[1583160696.558][SEVERE]: Timed out receiving message from renderer: 0.100
[1583160696.660][SEVERE]: Timed out receiving message from renderer: 0.100
[1583160696.762][SEVERE]: Timed out receiving message from renderer: 0.100
[1583160696.864][SEVERE]: Timed out receiving message from renderer: 0.100
[1583160696.971][SEVERE]: Timed out receiving message from renderer: 0.100
[1583160697.075][SEVERE]: Timed out receiving message from renderer: 0.100
[1583160697.177][SEVERE]: Timed out receiving message from renderer: 0.100
[1583160697.280][SEVERE]: Timed out receiving message from renderer: 0.100
[1583160697.387][SEVERE]: Timed out receiving message from renderer: 0.100
[1583160697.493][SEVERE]: Timed out receiving message from renderer: 0.100
[1583160697.600][SEVERE]: Timed out receiving message from renderer: 0.100
[1583160697.705][SEVERE]: Timed out receiving message from renderer: 0.100
[1583160697.821][SEVERE]: Timed out receiving message from renderer: 0.100
[1583160697.958][SEVERE]: Timed out receiving message from renderer: 0.100
[1583160698.061][SEVERE]: Timed out receiving message from renderer: 0.100
[1583160698.164][SEVERE]: Timed out receiving message from renderer: 0.100
[1583160698.281][SEVERE]: Timed out receiving message from renderer: 0.100
[1583160698.393][SEVERE]: Timed out receiving message from renderer: 0.100
[1583160698.499][SEVERE]: Timed out receiving message from renderer: 0.100
[1583160698.603][SEVERE]: Timed out receiving message from renderer: 0.100
[1583160698.710][SEVERE]: Timed out receiving message from renderer: 0.100
[1583160698.836][SEVERE]: Timed out receiving message from renderer: 0.100
[1583160698.968][SEVERE]: Timed out receiving message from renderer: 0.100
[1583160699.092][SEVERE]: Timed out receiving message from renderer: 0.100
[1583160699.196][SEVERE]: Timed out receiving message from renderer: 0.100
[1583160699.298][SEVERE]: Timed out receiving message from renderer: 0.100
[1583160699.402][SEVERE]: Timed out receiving message from renderer: 0.100
[1583160699.504][SEVERE]: Timed out receiving message from renderer: 0.100
[1583160699.628][SEVERE]: Timed out receiving message from renderer: 0.100
[1583160699.734][SEVERE]: Timed out receiving message from renderer: 0.100
[1583160699.840][SEVERE]: Timed out receiving message from renderer: 0.100
[1583160699.942][SEVERE]: Timed out receiving message from renderer: 0.100
[1583160700.066][SEVERE]: Timed out receiving message from renderer: 0.100
[1583160700.171][SEVERE]: Timed out receiving message from renderer: 0.100
[1583160700.280][SEVERE]: Timed out receiving message from renderer: 0.100
[1583160700.421][SEVERE]: Timed out receiving message from renderer: 0.100
[1583160700.525][SEVERE]: Timed out receiving message from renderer: 0.100
[1583160700.656][SEVERE]: Timed out receiving message from renderer: 0.100
[1583160700.758][SEVERE]: Timed out receiving message from renderer: 0.100
[1583160700.862][SEVERE]: Timed out receiving message from renderer: 0.100
[1583160700.968][SEVERE]: Timed out receiving message from renderer: 0.100
[1583160701.076][SEVERE]: Timed out receiving message from renderer: 0.100
[1583160701.179][SEVERE]: Timed out receiving message from renderer: 0.100
[1583160701.280][SEVERE]: Timed out receiving message from renderer: 0.100
[1583160701.387][SEVERE]: Timed out receiving message from renderer: 0.100
[1583160701.497][SEVERE]: Timed out receiving message from renderer: 0.100
[1583160701.600][SEVERE]: Timed out receiving message from renderer: 0.100
[1583160701.703][SEVERE]: Timed out receiving message from renderer: 0.100
[1583160701.806][SEVERE]: Timed out receiving message from renderer: 0.100
[1583160701.909][SEVERE]: Timed out receiving message from renderer: 0.100
[1583160702.016][SEVERE]: Timed out receiving message from renderer: 0.100
[1583160702.118][SEVERE]: Timed out receiving message from renderer: 0.100
[1583160702.229][SEVERE]: Timed out receiving message from renderer: 0.100
[1583160702.349][SEVERE]: Timed out receiving message from renderer: 0.100
[1583160702.458][SEVERE]: Timed out receiving message from renderer: 0.100
[1583160702.564][SEVERE]: Timed out receiving message from renderer: 0.100
[1583160702.666][SEVERE]: Timed out receiving message from renderer: 0.100
[1583160702.771][SEVERE]: Timed out receiving message from renderer: 0.100
[1583160702.875][SEVERE]: Timed out receiving message from renderer: 0.100
[1583160702.980][SEVERE]: Timed out receiving message from renderer: 0.100
[1583160703.083][SEVERE]: Timed out receiving message from renderer: 0.100
[1583160703.610][SEVERE]: Timed out receiving message from renderer: 0.100
[1583160703.786][SEVERE]: Timed out receiving message from renderer: 0.100
[1583160703.891][SEVERE]: Timed out receiving message from renderer: 0.100
[1583160704.001][SEVERE]: Timed out receiving message from renderer: 0.100
[1583160704.112][SEVERE]: Timed out receiving message from renderer: 0.100
[1583160704.217][SEVERE]: Timed out receiving message from renderer: 0.100
[1583160704.320][SEVERE]: Timed out receiving message from renderer: 0.100
[1583160704.424][SEVERE]: Timed out receiving message from renderer: 0.100
[1583160704.526][SEVERE]: Timed out receiving message from renderer: 0.100
[1583160704.628][SEVERE]: Timed out receiving message from renderer: 0.100
[1583160704.733][SEVERE]: Timed out receiving message from renderer: 0.100
[1583160704.838][SEVERE]: Timed out receiving message from renderer: 0.100
[1583160704.942][SEVERE]: Timed out receiving message from renderer: 0.100
[1583160705.044][SEVERE]: Timed out receiving message from renderer: 0.100
[1583160705.146][SEVERE]: Timed out receiving message from renderer: 0.100
[1583160705.248][SEVERE]: Timed out receiving message from renderer: 0.100
[1583160705.350][SEVERE]: Timed out receiving message from renderer: 0.100
[1583160705.453][SEVERE]: Timed out receiving message from renderer: 0.100
[1583160705.557][SEVERE]: Timed out receiving message from renderer: 0.100
[1583160705.660][SEVERE]: Timed out receiving message from renderer: 0.100
[1583160705.762][SEVERE]: Timed out receiving message from renderer: 0.100
[1583160705.863][SEVERE]: Timed out receiving message from renderer: 0.100
[1583160705.970][SEVERE]: Timed out receiving message from renderer: 0.100
[1583160706.072][SEVERE]: Timed out receiving message from renderer: 0.100
[1583160706.174][SEVERE]: Timed out receiving message from renderer: 0.100
[1583160706.276][SEVERE]: Timed out receiving message from renderer: 0.100
[1583160706.378][SEVERE]: Timed out receiving message from renderer: 0.100
[1583160706.481][SEVERE]: Timed out receiving message from renderer: 0.100
[1583160706.592][SEVERE]: Timed out receiving message from renderer: 0.100
[1583160706.695][SEVERE]: Timed out receiving message from renderer: 0.100
[1583160706.800][SEVERE]: Timed out receiving message from renderer: 0.100
[1583160707.162][SEVERE]: Timed out receiving message from renderer: 0.100
[1583160707.266][SEVERE]: Timed out receiving message from renderer: 0.100
[1583160707.368][SEVERE]: Timed out receiving message from renderer: 0.100
[1583160707.470][SEVERE]: Timed out receiving message from renderer: 0.100
[1583160707.579][SEVERE]: Timed out receiving message from renderer: 0.100
[1583160707.695][SEVERE]: Timed out receiving message from renderer: 0.100
[1583160707.798][SEVERE]: Timed out receiving message from renderer: 0.100
[1583160707.903][SEVERE]: Timed out receiving message from renderer: 0.100
[1583160708.007][SEVERE]: Timed out receiving message from renderer: 0.100
[1583160708.109][SEVERE]: Timed out receiving message from renderer: 0.100
[1583160708.216][SEVERE]: Timed out receiving message from renderer: 0.100
[1583160708.319][SEVERE]: Timed out receiving message from renderer: 0.100
[1583160708.423][SEVERE]: Timed out receiving message from renderer: 0.100
[1583160708.526][SEVERE]: Timed out receiving message from renderer: 0.100
[1583160708.628][SEVERE]: Timed out receiving message from renderer: 0.100
[1583160708.730][SEVERE]: Timed out receiving message from renderer: 0.100
[1583160708.842][SEVERE]: Timed out receiving message from renderer: 0.100
[1583160708.944][SEVERE]: Timed out receiving message from renderer: 0.100
[1583160709.050][SEVERE]: Timed out receiving message from renderer: 0.100
[1583160709.155][SEVERE]: Timed out receiving message from renderer: 0.100
[1583160709.258][SEVERE]: Timed out receiving message from renderer: 0.100
[1583160709.361][SEVERE]: Timed out receiving message from renderer: 0.100
[1583160709.465][SEVERE]: Timed out receiving message from renderer: 0.100
[1583160709.567][SEVERE]: Timed out receiving message from renderer: 0.100
[1583160709.671][SEVERE]: Timed out receiving message from renderer: 0.100
[1583160709.774][SEVERE]: Timed out receiving message from renderer: 0.100
[1583160709.879][SEVERE]: Timed out receiving message from renderer: 0.100
[1583160709.984][SEVERE]: Timed out receiving message from renderer: 0.100
[1583160710.090][SEVERE]: Timed out receiving message from renderer: 0.100
[1583160710.194][SEVERE]: Timed out receiving message from renderer: 0.100
[1583160710.316][SEVERE]: Timed out receiving message from renderer: 0.100
[1583160710.419][SEVERE]: Timed out receiving message from renderer: 0.100
[1583160710.520][SEVERE]: Timed out receiving message from renderer: 0.100
[1583160710.624][SEVERE]: Timed out receiving message from renderer: 0.100
[1583160710.726][SEVERE]: Timed out receiving message from renderer: 0.100
[1583160710.828][SEVERE]: Timed out receiving message from renderer: 0.100
[1583160710.930][SEVERE]: Timed out receiving message from renderer: 0.100
[1583160711.035][SEVERE]: Timed out receiving message from renderer: 0.100
[1583160711.137][SEVERE]: Timed out receiving message from renderer: 0.100
[1583160721.756][SEVERE]: Timed out receiving message from renderer: 0.100
[1583160723.480][SEVERE]: Timed out receiving message from renderer: 0.100
[1583160723.614][SEVERE]: Timed out receiving message from renderer: 0.100
[1583160723.741][SEVERE]: Timed out receiving message from renderer: 0.100
[1583160723.846][SEVERE]: Timed out receiving message from renderer: 0.100
[1583160723.948][SEVERE]: Timed out receiving message from renderer: 0.100
[1583160724.200][SEVERE]: Timed out receiving message from renderer: 0.100
[1583160724.303][SEVERE]: Timed out receiving message from renderer: 0.100
[1583160724.406][SEVERE]: Timed out receiving message from renderer: 0.100
[1583160724.514][SEVERE]: Timed out receiving message from renderer: 0.100
[1583160724.615][SEVERE]: Timed out receiving message from renderer: 0.100
[1583160724.718][SEVERE]: Timed out receiving message from renderer: 0.100
[1583160724.819][SEVERE]: Timed out receiving message from renderer: 0.100
[1583160724.922][SEVERE]: Timed out receiving message from renderer: 0.100
[1583160725.024][SEVERE]: Timed out receiving message from renderer: 0.100
[1583160725.126][SEVERE]: Timed out receiving message from renderer: 0.100
[1583160725.228][SEVERE]: Timed out receiving message from renderer: 0.100
[1583160725.331][SEVERE]: Timed out receiving message from renderer: 0.100
[1583160725.433][SEVERE]: Timed out receiving message from renderer: 0.100
[1583160725.536][SEVERE]: Timed out receiving message from renderer: 0.100
[1583160725.639][SEVERE]: Timed out receiving message from renderer: 0.100
[1583160725.742][SEVERE]: Timed out receiving message from renderer: 0.100
[1583160725.976][SEVERE]: Timed out receiving message from renderer: 0.100
[1583160730.419][SEVERE]: Timed out receiving message from renderer: 0.100
[1583160733.402][SEVERE]: Timed out receiving message from renderer: 0.100
[1583160733.504][SEVERE]: Timed out receiving message from renderer: 0.100
[1583160740.815][SEVERE]: Timed out receiving message from renderer: 0.100
[1583160741.036][SEVERE]: Timed out receiving message from renderer: 0.100
[1583160741.148][SEVERE]: Timed out receiving message from renderer: 0.100
[1583160741.252][SEVERE]: Timed out receiving message from renderer: 0.100
[1583160741.361][SEVERE]: Timed out receiving message from renderer: 0.100
[1583160741.464][SEVERE]: Timed out receiving message from renderer: 0.100
[1583160741.579][SEVERE]: Timed out receiving message from renderer: 0.100
[1583160741.682][SEVERE]: Timed out receiving message from renderer: 0.100
[1583160741.886][SEVERE]: Timed out receiving message from renderer: 0.100
[1583160742.048][SEVERE]: Timed out receiving message from renderer: 0.100
[1583160742.308][SEVERE]: Timed out receiving message from renderer: 0.100
[1583160743.503][SEVERE]: Timed out receiving message from renderer: 0.100
[1583160743.954][SEVERE]: Timed out receiving message from renderer: 0.100
[1583160744.151][SEVERE]: Timed out receiving message from renderer: 0.100
[1583160744.262][SEVERE]: Timed out receiving message from renderer: 0.100
[1583160744.365][SEVERE]: Timed out receiving message from renderer: 0.100
[1583160744.469][SEVERE]: Timed out receiving message from renderer: 0.100
[1583160744.599][SEVERE]: Timed out receiving message from renderer: 0.100
[1583160744.749][SEVERE]: Timed out receiving message from renderer: 0.100
[1583160744.860][SEVERE]: Timed out receiving message from renderer: 0.100
[1583160744.977][SEVERE]: Timed out receiving message from renderer: 0.100
[1583160745.080][SEVERE]: Timed out receiving message from renderer: 0.100
[1583160745.186][SEVERE]: Timed out receiving message from renderer: 0.100
[1583160745.287][SEVERE]: Timed out receiving message from renderer: 0.100
[1583160745.390][SEVERE]: Timed out receiving message from renderer: 0.100
[1583160745.492][SEVERE]: Timed out receiving message from renderer: 0.100
[1583160745.595][SEVERE]: Timed out receiving message from renderer: 0.100
[1583160745.786][SEVERE]: Timed out receiving message from renderer: 0.100
[1583160762.148][SEVERE]: Timed out receiving message from renderer: 0.100
]]></system-err>
</testsuite>
